<?xml version="1.0" encoding="utf-8"?><testsuites name="pytest tests"><testsuite name="pytest" errors="0" failures="0" skipped="0" tests="25" time="5.184" timestamp="2026-05-08T17:01:01.792212+00:00" hostname="agent-env-84dbe5f0-51f0-4c99-890d-0541b27a3df5"><testcase classname="backend.tests.test_iter3_revenge.TestRootAndPublicConfig" name="test_root_sender" time="0.277" /><testcase classname="backend.tests.test_iter3_revenge.TestRootAndPublicConfig" name="test_public_config_support" time="0.069" /><testcase classname="backend.tests.test_iter3_revenge.TestStatsRange" name="test_range[24h-24]" time="0.240" /><testcase classname="backend.tests.test_iter3_revenge.TestStatsRange" name="test_range[2d-2]" time="0.073" /><testcase classname="backend.tests.test_iter3_revenge.TestStatsRange" name="test_range[7d-7]" time="0.106" /><testcase classname="backend.tests.test_iter3_revenge.TestStatsRange" name="test_range[14d-14]" time="0.080" /><testcase classname="backend.tests.test_iter3_revenge.TestStatsRange" name="test_range[30d-30]" time="0.088" /><testcase classname="backend.tests.test_iter3_revenge.TestStatsRange" name="test_range[3mo-12]" time="0.088" /><testcase classname="backend.tests.test_iter3_revenge.TestStatsRange" name="test_range[6mo-24]" time="0.108" /><testcase classname="backend.tests.test_iter3_revenge.TestStatsRange" name="test_range[1y-12]" time="0.078" /><testcase classname="backend.tests.test_iter3_revenge.TestStatsRange" name="test_default_is_14d" time="0.077" /><testcase classname="backend.tests.test_iter3_revenge.TestStatsRange" name="test_invalid_range_422" time="0.069" /><testcase classname="backend.tests.test_iter3_revenge.TestRecipientCounts" name="test_keys" time="0.070" /><testcase classname="backend.tests.test_iter3_revenge.TestCreatorFilter" name="test_unfiltered_includes_all" time="0.069" /><testcase classname="backend.tests.test_iter3_revenge.TestCreatorFilter" name="test_status_filter[pending]" time="0.086" /><testcase classname="backend.tests.test_iter3_revenge.TestCreatorFilter" name="test_status_filter[approved]" time="0.066" /><testcase classname="backend.tests.test_iter3_revenge.TestCreatorFilter" name="test_status_filter[rejected]" time="0.059" /><testcase classname="backend.tests.test_iter3_revenge.TestCreatorFilter" name="test_invalid_status_422" time="0.067" /><testcase classname="backend.tests.test_iter3_revenge.TestCreatorNoCompensationType" name="test_apply_without_compensation_type" time="0.336" /><testcase classname="backend.tests.test_iter3_revenge.TestAnnounceGroups" name="test_iphone_group" time="0.933" /><testcase classname="backend.tests.test_iter3_revenge.TestAnnounceGroups" name="test_android_group" time="1.055" /><testcase classname="backend.tests.test_iter3_revenge.TestAnnounceGroups" name="test_custom_dedupe_and_invalid_filter" time="0.421" /><testcase classname="backend.tests.test_iter3_revenge.TestAnnounceGroups" name="test_custom_no_recipients_422" time="0.072" /><testcase classname="backend.tests.test_iter3_revenge.TestTemplatesCRUD" name="test_full_crud" time="0.379" /><testcase classname="backend.tests.test_iter3_revenge.TestTemplatesCRUD" name="test_requires_auth" time="0.126" /></testsuite></testsuites>