<?xml version="1.0" encoding="utf-8"?><testsuites name="pytest tests"><testsuite name="pytest" errors="0" failures="0" skipped="0" tests="19" time="7.352" timestamp="2026-05-10T23:16:14.180301+00:00" hostname="agent-env-84dbe5f0-51f0-4c99-890d-0541b27a3df5"><testcase classname="backend.tests.test_iter5_admin.TestAdminLogin" name="test_login_correct_password" time="0.125" /><testcase classname="backend.tests.test_iter5_admin.TestAdminLogin" name="test_login_wrong_password" time="0.105" /><testcase classname="backend.tests.test_iter5_admin.TestWaitlistBulkDelete" name="test_bulk_delete_wrong_confirmation_returns_422" time="0.613" /><testcase classname="backend.tests.test_iter5_admin.TestWaitlistBulkDelete" name="test_bulk_delete_correct_confirmation_deletes" time="0.812" /><testcase classname="backend.tests.test_iter5_admin.TestWaitlistDeleteAll" name="test_delete_all_wrong_confirmation_returns_422" time="0.118" /><testcase classname="backend.tests.test_iter5_admin.TestCreatorsBulkDelete" name="test_bulk_delete_wrong_confirmation_returns_422" time="0.491" /><testcase classname="backend.tests.test_iter5_admin.TestCreatorsBulkDelete" name="test_bulk_delete_correct_confirmation" time="0.617" /><testcase classname="backend.tests.test_iter5_admin.TestCreatorsDeleteAll" name="test_wrong_confirmation_returns_422" time="0.122" /><testcase classname="backend.tests.test_iter5_admin.TestCreatorStatusChange" name="test_status_change_valid_values" time="1.056" /><testcase classname="backend.tests.test_iter5_admin.TestCreatorStatusChange" name="test_status_change_invalid_value_returns_422" time="0.481" /><testcase classname="backend.tests.test_iter5_admin.TestCreatorStatusChange" name="test_status_change_404_for_unknown_id" time="0.116" /><testcase classname="backend.tests.test_iter5_admin.TestUserSearch" name="test_empty_q_returns_empty" time="0.107" /><testcase classname="backend.tests.test_iter5_admin.TestUserSearch" name="test_short_q_returns_empty" time="0.107" /><testcase classname="backend.tests.test_iter5_admin.TestUserSearch" name="test_matching_q_returns_results_capped_at_20" time="0.889" /><testcase classname="backend.tests.test_iter5_admin.TestSignaturesCRUD" name="test_default_signature_auto_created" time="0.136" /><testcase classname="backend.tests.test_iter5_admin.TestSignaturesCRUD" name="test_full_crud_flow" time="0.435" /><testcase classname="backend.tests.test_iter5_admin.TestSignaturesCRUD" name="test_duplicate_name_returns_409" time="0.343" /><testcase classname="backend.tests.test_iter5_admin.TestPublicRegression" name="test_post_waitlist" time="0.298" /><testcase classname="backend.tests.test_iter5_admin.TestPublicRegression" name="test_post_creator_application" time="0.288" /></testsuite></testsuites>