<?xml version="1.0" encoding="utf-8"?><testsuites name="pytest tests"><testsuite name="pytest" errors="0" failures="0" skipped="0" tests="8" time="8.789" timestamp="2026-05-08T05:10:26.836931+00:00" hostname="agent-env-84dbe5f0-51f0-4c99-890d-0541b27a3df5"><testcase classname="backend.tests.test_iter2_broadcast.TestRecipientCounts" name="test_unauth" time="0.234" /><testcase classname="backend.tests.test_iter2_broadcast.TestRecipientCounts" name="test_returns_all_groups" time="0.112" /><testcase classname="backend.tests.test_iter2_broadcast.TestAnnounceGroups" name="test_announce_waitlist" time="1.172" /><testcase classname="backend.tests.test_iter2_broadcast.TestAnnounceGroups" name="test_announce_creator_applicants" time="2.219" /><testcase classname="backend.tests.test_iter2_broadcast.TestAnnounceGroups" name="test_announce_approved_creators" time="0.623" /><testcase classname="backend.tests.test_iter2_broadcast.TestAnnounceGroups" name="test_announce_everyone_dedupes" time="3.963" /><testcase classname="backend.tests.test_iter2_broadcast.TestAnnounceGroups" name="test_announce_invalid_group_returns_422" time="0.053" /><testcase classname="backend.tests.test_iter2_broadcast.TestEmailShell" name="test_wrap_email_includes_socials_and_support" time="0.334" /></testsuite></testsuites>