<?xml version="1.0" encoding="utf-8"?><testsuites name="pytest tests"><testsuite name="pytest" errors="0" failures="1" skipped="0" tests="71" time="94.273" timestamp="2026-05-08T19:11:25.583019+00:00" hostname="agent-env-84dbe5f0-51f0-4c99-890d-0541b27a3df5"><testcase classname="backend.tests.test_iter2_broadcast.TestRecipientCounts" name="test_unauth" time="0.251" /><testcase classname="backend.tests.test_iter2_broadcast.TestRecipientCounts" name="test_returns_all_groups" time="0.162" /><testcase classname="backend.tests.test_iter2_broadcast.TestAnnounceGroups" name="test_announce_waitlist" time="2.359" /><testcase classname="backend.tests.test_iter2_broadcast.TestAnnounceGroups" name="test_announce_creator_applicants" time="5.092" /><testcase classname="backend.tests.test_iter2_broadcast.TestAnnounceGroups" name="test_announce_approved_creators" time="1.075" /><testcase classname="backend.tests.test_iter2_broadcast.TestAnnounceGroups" name="test_announce_everyone_dedupes" time="5.839" /><testcase classname="backend.tests.test_iter2_broadcast.TestAnnounceGroups" name="test_announce_invalid_group_returns_422" time="0.066" /><testcase classname="backend.tests.test_iter2_broadcast.TestEmailShell" name="test_wrap_email_includes_socials_and_support" time="0.305" /><testcase classname="backend.tests.test_iter3_revenge.TestRootAndPublicConfig" name="test_root_sender" time="0.234" /><testcase classname="backend.tests.test_iter3_revenge.TestRootAndPublicConfig" name="test_public_config_support" time="0.089" /><testcase classname="backend.tests.test_iter3_revenge.TestStatsRange" name="test_range[24h-24]" time="0.181" /><testcase classname="backend.tests.test_iter3_revenge.TestStatsRange" name="test_range[2d-2]" time="0.080" /><testcase classname="backend.tests.test_iter3_revenge.TestStatsRange" name="test_range[7d-7]" time="0.081" /><testcase classname="backend.tests.test_iter3_revenge.TestStatsRange" name="test_range[14d-14]" time="0.089" /><testcase classname="backend.tests.test_iter3_revenge.TestStatsRange" name="test_range[30d-30]" time="0.108" /><testcase classname="backend.tests.test_iter3_revenge.TestStatsRange" name="test_range[3mo-12]" time="0.085" /><testcase classname="backend.tests.test_iter3_revenge.TestStatsRange" name="test_range[6mo-24]" time="0.092" /><testcase classname="backend.tests.test_iter3_revenge.TestStatsRange" name="test_range[1y-12]" time="0.087" /><testcase classname="backend.tests.test_iter3_revenge.TestStatsRange" name="test_default_is_14d" time="0.093" /><testcase classname="backend.tests.test_iter3_revenge.TestStatsRange" name="test_invalid_range_422" time="0.067" /><testcase classname="backend.tests.test_iter3_revenge.TestRecipientCounts" name="test_keys" time="0.074" /><testcase classname="backend.tests.test_iter3_revenge.TestCreatorFilter" name="test_unfiltered_includes_all" time="0.080" /><testcase classname="backend.tests.test_iter3_revenge.TestCreatorFilter" name="test_status_filter[pending]" time="0.078" /><testcase classname="backend.tests.test_iter3_revenge.TestCreatorFilter" name="test_status_filter[approved]" time="0.078" /><testcase classname="backend.tests.test_iter3_revenge.TestCreatorFilter" name="test_status_filter[rejected]" time="0.072" /><testcase classname="backend.tests.test_iter3_revenge.TestCreatorFilter" name="test_invalid_status_422" time="0.074" /><testcase classname="backend.tests.test_iter3_revenge.TestCreatorNoCompensationType" name="test_apply_without_compensation_type" time="0.237" /><testcase classname="backend.tests.test_iter3_revenge.TestAnnounceGroups" name="test_iphone_group" time="1.601" /><testcase classname="backend.tests.test_iter3_revenge.TestAnnounceGroups" name="test_android_group" time="0.882" /><testcase classname="backend.tests.test_iter3_revenge.TestAnnounceGroups" name="test_custom_dedupe_and_invalid_filter" time="0.383" /><testcase classname="backend.tests.test_iter3_revenge.TestAnnounceGroups" name="test_custom_no_recipients_422" time="0.073" /><testcase classname="backend.tests.test_iter3_revenge.TestTemplatesCRUD" name="test_full_crud" time="0.366" /><testcase classname="backend.tests.test_iter3_revenge.TestTemplatesCRUD" name="test_requires_auth" time="0.149" /><testcase classname="backend.tests.test_iter4_changes.TestAdminPassword" name="test_new_password_works" time="0.218" /><testcase classname="backend.tests.test_iter4_changes.TestAdminPassword" name="test_old_password_rejected" time="0.067" /><testcase classname="backend.tests.test_iter4_changes.TestAdminPassword" name="test_empty_password_rejected" time="0.071" /><testcase classname="backend.tests.test_iter4_changes.TestPublicConfig" name="test_support_email_correct_spelling" time="0.066" /><testcase classname="backend.tests.test_iter4_changes.TestEmailShellDarkMode" name="test_meta_color_scheme_dark_only" time="0.000" /><testcase classname="backend.tests.test_iter4_changes.TestEmailShellDarkMode" name="test_supported_color_schemes" time="0.000" /><testcase classname="backend.tests.test_iter4_changes.TestEmailShellDarkMode" name="test_prefers_color_scheme_dark_media" time="0.000" /><testcase classname="backend.tests.test_iter4_changes.TestEmailShellDarkMode" name="test_data_ogsc_selector" time="0.000" /><testcase classname="backend.tests.test_iter4_changes.TestEmailShellDarkMode" name="test_data_ogsb_selector" time="0.000" /><testcase classname="backend.tests.test_iter4_changes.TestEmailShellDarkMode" name="test_mobile_media_query" time="0.000" /><testcase classname="backend.tests.test_iter4_changes.TestEmailShellDarkMode" name="test_bgcolor_dark_attribute" time="0.000" /><testcase classname="backend.tests.test_iter4_changes.TestEmailShellDarkMode" name="test_support_email_correct_spelling" time="0.000" /><testcase classname="backend.tests.test_iter4_changes.TestEmailShellDarkMode" name="test_apple_disable_message_reformatting" time="0.000" /><testcase classname="backend.tests.test_iter4_changes.TestRegressionFlows" name="test_waitlist_signup_still_works" time="0.322" /><testcase classname="backend.tests.test_iter4_changes.TestRegressionFlows" name="test_creator_application_still_works" time="0.176" /><testcase classname="backend.tests.test_iter4_changes.TestRegressionFlows" name="test_admin_stats_still_works" time="0.086" /><testcase classname="backend.tests.test_iter4_changes.TestRegressionFlows" name="test_admin_recipient_counts_still_works" time="0.202" /><testcase classname="backend.tests.test_iter4_changes.TestRegressionFlows" name="test_admin_templates_crud" time="0.196" /><testcase classname="backend.tests.test_iter4_changes.TestRegressionFlows" name="test_admin_announce_everyone" time="35.855" /><testcase classname="backend.tests.test_revenge_arc_api.TestHealth" name="test_root" time="0.224" /><testcase classname="backend.tests.test_revenge_arc_api.TestWaitlist" name="test_join_happy_path" time="0.323" /><testcase classname="backend.tests.test_revenge_arc_api.TestWaitlist" name="test_join_duplicate_returns_409" time="0.236" /><testcase classname="backend.tests.test_revenge_arc_api.TestWaitlist" name="test_join_invalid_email_returns_422" time="0.064" /><testcase classname="backend.tests.test_revenge_arc_api.TestWaitlist" name="test_join_invalid_device_returns_422" time="0.059" /><testcase classname="backend.tests.test_revenge_arc_api.TestCreators" name="test_apply_with_instagram" time="0.198" /><testcase classname="backend.tests.test_revenge_arc_api.TestCreators" name="test_apply_with_tiktok" time="0.178" /><testcase classname="backend.tests.test_revenge_arc_api.TestCreators" name="test_apply_neither_handle_returns_422" time="0.063" /><testcase classname="backend.tests.test_revenge_arc_api.TestAdminAuth" name="test_login_wrong_password" time="0.058" /><testcase classname="backend.tests.test_revenge_arc_api.TestAdminAuth" name="test_login_correct_password" time="0.062" /><testcase classname="backend.tests.test_revenge_arc_api.TestAdminAuth" name="test_stats_no_auth" time="0.062" /><testcase classname="backend.tests.test_revenge_arc_api.TestAdminAuth" name="test_stats_with_auth" time="0.073" /><testcase classname="backend.tests.test_revenge_arc_api.TestAdminLists" name="test_get_waitlist" time="0.062" /><testcase classname="backend.tests.test_revenge_arc_api.TestAdminLists" name="test_get_creators" time="0.065" /><testcase classname="backend.tests.test_revenge_arc_api.TestAdminLists" name="test_approve_creator_flow" time="0.413" /><testcase classname="backend.tests.test_revenge_arc_api.TestAdminLists" name="test_reject_creator_flow" time="0.365" /><testcase classname="backend.tests.test_revenge_arc_api.TestAdminLists" name="test_email_creator" time="0.395"><failure message="AssertionError: assert False is True&#10; +  where False = &lt;built-in method get of dict object at 0xfd2106c541c0&gt;('sent')&#10; +    where &lt;built-in method get of dict object at 0xfd2106c541c0&gt; = {'sent': False}.get&#10; +      where {'sent': False} = json()&#10; +        where json = &lt;Response [200]&gt;.json">backend/tests/test_revenge_arc_api.py:264: in test_email_creator
    assert r.json().get("sent") is True
E   AssertionError: assert False is True
E    +  where False = &lt;built-in method get of dict object at 0xfd2106c541c0&gt;('sent')
E    +    where &lt;built-in method get of dict object at 0xfd2106c541c0&gt; = {'sent': False}.get
E    +      where {'sent': False} = json()
E    +        where json = &lt;Response [200]&gt;.json</failure></testcase><testcase classname="backend.tests.test_revenge_arc_api.TestAdminLists" name="test_announce" time="33.001" /><testcase classname="backend.tests.test_revenge_arc_api.TestAdminLists" name="test_delete_waitlist" time="0.376" /></testsuite></testsuites>