<?xml version="1.0" encoding="utf-8"?><testsuites name="pytest tests"><testsuite name="pytest" errors="0" failures="0" skipped="0" tests="18" time="3.348" timestamp="2026-05-10T23:50:31.586384+00:00" hostname="agent-env-84dbe5f0-51f0-4c99-890d-0541b27a3df5"><testcase classname="backend.tests.test_iter6_admin.TestAdminLoginV2" name="test_login_correct_email_and_password" time="0.179" /><testcase classname="backend.tests.test_iter6_admin.TestAdminLoginV2" name="test_login_wrong_email_returns_401" time="0.113" /><testcase classname="backend.tests.test_iter6_admin.TestAdminLoginV2" name="test_login_wrong_password_returns_401" time="0.124" /><testcase classname="backend.tests.test_iter6_admin.TestAdminLoginV2" name="test_login_case_insensitive_email" time="0.102" /><testcase classname="backend.tests.test_iter6_admin.TestAdminLoginV2" name="test_login_old_single_field_returns_422" time="0.104" /><testcase classname="backend.tests.test_iter6_admin.TestCreatorDuplicateEmail" name="test_first_create_then_dup_returns_409" time="0.664" /><testcase classname="backend.tests.test_iter6_admin.TestCreatorDuplicateEmail" name="test_case_insensitive_duplicate_returns_409" time="0.488" /><testcase classname="backend.tests.test_iter6_admin.TestWaitlistRegression" name="test_waitlist_post_creates_row" time="0.204" /><testcase classname="backend.tests.test_iter6_admin.TestEmailLogs" name="test_unauthenticated_returns_401" time="0.110" /><testcase classname="backend.tests.test_iter6_admin.TestEmailLogs" name="test_get_email_logs_structure" time="0.113" /><testcase classname="backend.tests.test_iter6_admin.TestEmailLogs" name="test_filter_status_failed" time="0.107" /><testcase classname="backend.tests.test_iter6_admin.TestEmailLogs" name="test_filter_audience_single" time="0.103" /><testcase classname="backend.tests.test_iter6_admin.TestEmailLogs" name="test_filter_q_search" time="0.308" /><testcase classname="backend.tests.test_iter6_admin.TestEmailLogs" name="test_delete_wrong_confirmation_returns_422" time="0.113" /><testcase classname="backend.tests.test_iter6_admin.TestIter5Regression" name="test_recipient_counts" time="0.102" /><testcase classname="backend.tests.test_iter6_admin.TestIter5Regression" name="test_user_search_min_chars" time="0.116" /><testcase classname="backend.tests.test_iter6_admin.TestIter5Regression" name="test_signatures_list" time="0.098" /><testcase classname="backend.tests.test_iter6_admin.TestIter5Regression" name="test_stats_returns_growth" time="0.119" /></testsuite></testsuites>