<?xml version="1.0" encoding="utf-8"?><testsuites name="pytest tests"><testsuite name="pytest" errors="0" failures="0" skipped="0" tests="19" time="5.663" timestamp="2026-05-08T05:09:34.770891+00:00" hostname="agent-env-84dbe5f0-51f0-4c99-890d-0541b27a3df5"><testcase classname="backend.tests.test_revenge_arc_api.TestHealth" name="test_root" time="0.174" /><testcase classname="backend.tests.test_revenge_arc_api.TestWaitlist" name="test_join_happy_path" time="0.430" /><testcase classname="backend.tests.test_revenge_arc_api.TestWaitlist" name="test_join_duplicate_returns_409" time="0.589" /><testcase classname="backend.tests.test_revenge_arc_api.TestWaitlist" name="test_join_invalid_email_returns_422" time="0.051" /><testcase classname="backend.tests.test_revenge_arc_api.TestWaitlist" name="test_join_invalid_device_returns_422" time="0.046" /><testcase classname="backend.tests.test_revenge_arc_api.TestCreators" name="test_apply_with_instagram" time="0.210" /><testcase classname="backend.tests.test_revenge_arc_api.TestCreators" name="test_apply_with_tiktok" time="0.218" /><testcase classname="backend.tests.test_revenge_arc_api.TestCreators" name="test_apply_neither_handle_returns_422" time="0.048" /><testcase classname="backend.tests.test_revenge_arc_api.TestAdminAuth" name="test_login_wrong_password" time="0.047" /><testcase classname="backend.tests.test_revenge_arc_api.TestAdminAuth" name="test_login_correct_password" time="0.048" /><testcase classname="backend.tests.test_revenge_arc_api.TestAdminAuth" name="test_stats_no_auth" time="0.046" /><testcase classname="backend.tests.test_revenge_arc_api.TestAdminAuth" name="test_stats_with_auth" time="0.055" /><testcase classname="backend.tests.test_revenge_arc_api.TestAdminLists" name="test_get_waitlist" time="0.048" /><testcase classname="backend.tests.test_revenge_arc_api.TestAdminLists" name="test_get_creators" time="0.050" /><testcase classname="backend.tests.test_revenge_arc_api.TestAdminLists" name="test_approve_creator_flow" time="0.632" /><testcase classname="backend.tests.test_revenge_arc_api.TestAdminLists" name="test_reject_creator_flow" time="0.431" /><testcase classname="backend.tests.test_revenge_arc_api.TestAdminLists" name="test_email_creator" time="0.469" /><testcase classname="backend.tests.test_revenge_arc_api.TestAdminLists" name="test_announce" time="1.516" /><testcase classname="backend.tests.test_revenge_arc_api.TestAdminLists" name="test_delete_waitlist" time="0.317" /></testsuite></testsuites>