<?xml version="1.0" encoding="utf-8"?><testsuites name="pytest tests"><testsuite name="pytest" errors="0" failures="0" skipped="0" tests="19" time="4.448" timestamp="2026-05-08T04:48:26.592724+00:00" hostname="agent-env-84dbe5f0-51f0-4c99-890d-0541b27a3df5"><testcase classname="backend.tests.test_revenge_arc_api.TestHealth" name="test_root" time="0.223" /><testcase classname="backend.tests.test_revenge_arc_api.TestWaitlist" name="test_join_happy_path" time="0.519" /><testcase classname="backend.tests.test_revenge_arc_api.TestWaitlist" name="test_join_duplicate_returns_409" time="0.296" /><testcase classname="backend.tests.test_revenge_arc_api.TestWaitlist" name="test_join_invalid_email_returns_422" time="0.053" /><testcase classname="backend.tests.test_revenge_arc_api.TestWaitlist" name="test_join_invalid_device_returns_422" time="0.049" /><testcase classname="backend.tests.test_revenge_arc_api.TestCreators" name="test_apply_with_instagram" time="0.233" /><testcase classname="backend.tests.test_revenge_arc_api.TestCreators" name="test_apply_with_tiktok" time="0.208" /><testcase classname="backend.tests.test_revenge_arc_api.TestCreators" name="test_apply_neither_handle_returns_422" time="0.053" /><testcase classname="backend.tests.test_revenge_arc_api.TestAdminAuth" name="test_login_wrong_password" time="0.050" /><testcase classname="backend.tests.test_revenge_arc_api.TestAdminAuth" name="test_login_correct_password" time="0.053" /><testcase classname="backend.tests.test_revenge_arc_api.TestAdminAuth" name="test_stats_no_auth" time="0.057" /><testcase classname="backend.tests.test_revenge_arc_api.TestAdminAuth" name="test_stats_with_auth" time="0.055" /><testcase classname="backend.tests.test_revenge_arc_api.TestAdminLists" name="test_get_waitlist" time="0.048" /><testcase classname="backend.tests.test_revenge_arc_api.TestAdminLists" name="test_get_creators" time="0.081" /><testcase classname="backend.tests.test_revenge_arc_api.TestAdminLists" name="test_approve_creator_flow" time="0.619" /><testcase classname="backend.tests.test_revenge_arc_api.TestAdminLists" name="test_reject_creator_flow" time="0.452" /><testcase classname="backend.tests.test_revenge_arc_api.TestAdminLists" name="test_email_creator" time="0.512" /><testcase classname="backend.tests.test_revenge_arc_api.TestAdminLists" name="test_announce" time="0.422" /><testcase classname="backend.tests.test_revenge_arc_api.TestAdminLists" name="test_delete_waitlist" time="0.371" /></testsuite></testsuites>